<?xml version="1.0" encoding="UTF-8"?>
<testng-results skipped="0" failed="0" ignored="0" total="1" passed="1">
  <reporter-output>
  </reporter-output>
  <suite name="Default suite" duration-ms="12727" started-at="2021-02-14T16:34:17Z" finished-at="2021-02-14T16:34:30Z">
    <groups>
    </groups>
    <test name="Default test" duration-ms="12727" started-at="2021-02-14T16:34:17Z" finished-at="2021-02-14T16:34:30Z">
      <class name="testcases.LoginPageTest">
        <test-method status="PASS" signature="setUp()[pri:0, instance:testcases.LoginPageTest@54c562f7]" name="setUp" is-config="true" duration-ms="3624" started-at="2021-02-14T16:34:17Z" finished-at="2021-02-14T16:34:21Z">
          <reporter-output>
          </reporter-output>
        </test-method> <!-- setUp -->
        <test-method status="PASS" signature="loginTest()[pri:0, instance:testcases.LoginPageTest@54c562f7]" name="loginTest" duration-ms="4430" started-at="2021-02-14T16:34:21Z" finished-at="2021-02-14T16:34:25Z">
          <reporter-output>
          </reporter-output>
        </test-method> <!-- loginTest -->
        <test-method status="PASS" signature="tearDown()[pri:0, instance:testcases.LoginPageTest@54c562f7]" name="tearDown" is-config="true" duration-ms="4645" started-at="2021-02-14T16:34:25Z" finished-at="2021-02-14T16:34:30Z">
          <reporter-output>
          </reporter-output>
        </test-method> <!-- tearDown -->
      </class> <!-- testcases.LoginPageTest -->
    </test> <!-- Default test -->
  </suite> <!-- Default suite -->
</testng-results>
