<?xml version="1.0" encoding="UTF-8"?>
<testng-results skipped="0" failed="0" ignored="0" total="2" passed="2">
  <reporter-output>
  </reporter-output>
  <suite name="Default suite" duration-ms="25956" started-at="2021-02-14T16:55:24Z" finished-at="2021-02-14T16:55:50Z">
    <groups>
    </groups>
    <test name="Default test" duration-ms="25956" started-at="2021-02-14T16:55:24Z" finished-at="2021-02-14T16:55:50Z">
      <class name="testcases.LoginPageTest">
        <test-method status="PASS" signature="setUp()[pri:0, instance:testcases.LoginPageTest@25d250c6]" name="setUp" is-config="true" duration-ms="3259" started-at="2021-02-14T16:55:24Z" finished-at="2021-02-14T16:55:27Z">
          <reporter-output>
          </reporter-output>
        </test-method> <!-- setUp -->
        <test-method status="PASS" signature="loginTest()[pri:0, instance:testcases.LoginPageTest@25d250c6]" name="loginTest" duration-ms="4555" started-at="2021-02-14T16:55:27Z" finished-at="2021-02-14T16:55:32Z">
          <reporter-output>
          </reporter-output>
        </test-method> <!-- loginTest -->
        <test-method status="PASS" signature="tearDown()[pri:0, instance:testcases.LoginPageTest@25d250c6]" name="tearDown" is-config="true" duration-ms="4630" started-at="2021-02-14T16:55:32Z" finished-at="2021-02-14T16:55:37Z">
          <reporter-output>
          </reporter-output>
        </test-method> <!-- tearDown -->
        <test-method status="PASS" signature="setUp()[pri:0, instance:testcases.LoginPageTest@25d250c6]" name="setUp" is-config="true" duration-ms="3100" started-at="2021-02-14T16:55:37Z" finished-at="2021-02-14T16:55:40Z">
          <reporter-output>
          </reporter-output>
        </test-method> <!-- setUp -->
        <test-method status="PASS" signature="loginpageTitleTest()[pri:2, instance:testcases.LoginPageTest@25d250c6]" name="loginpageTitleTest" duration-ms="9708" started-at="2021-02-14T16:55:40Z" finished-at="2021-02-14T16:55:49Z">
          <reporter-output>
          </reporter-output>
        </test-method> <!-- loginpageTitleTest -->
        <test-method status="PASS" signature="tearDown()[pri:0, instance:testcases.LoginPageTest@25d250c6]" name="tearDown" is-config="true" duration-ms="680" started-at="2021-02-14T16:55:49Z" finished-at="2021-02-14T16:55:50Z">
          <reporter-output>
          </reporter-output>
        </test-method> <!-- tearDown -->
      </class> <!-- testcases.LoginPageTest -->
    </test> <!-- Default test -->
  </suite> <!-- Default suite -->
</testng-results>
